============================= test session starts ==============================
platform linux -- Python 3.11.2, pytest-9.1.1, pluggy-1.6.0
rootdir: /workspace
collected 57 items

service/test_cross_platform.py .....                                     [  8%]
service/test_installer_adversarial.py ss..                               [ 15%]
service/test_installer_config.py ..                                      [ 19%]
service/test_installer_mock.py ..                                        [ 22%]
service/test_linapse_socket.py ....                                      [ 29%]
service/test_linapse_socket_stress.py .....                              [ 38%]
service/test_m1_adversarial_bugfix.py ..                                 [ 42%]
service/test_m3_adversarial.py ....                                      [ 49%]
service/test_m3_challenger_verification.py ...                           [ 54%]
service/test_m5_adversarial.py ....                                      [ 61%]
service/test_multi_click.py ...                                          [ 66%]
service/test_playwright_benchy.py s                                      [ 68%]
service/test_signal_integration.py ......F.                              [ 82%]
service/test_signal_integration_stress.py .F.                            [ 87%]
service/test_stress.py ......                                            [ 98%]
service/test_userscript_headers.py .                                     [100%]Task was destroyed but it is pending!
task: <Task pending name='Task-2852' coro=<handle_socket_client() done, defined at /workspace/service/linapse/spnav.py:4> wait_for=<Future pending cb=[Task.task_wakeup()]>>


=================================== FAILURES ===================================
________________________ test_modes_feature_integration ________________________
/usr/lib/python3.11/asyncio/tasks.py:490: in wait_for
    return fut.result()
           ^^^^^^^^^^^^
/usr/local/lib/python3.11/dist-packages/websockets/asyncio/connection.py:305: in recv
    return await self.recv_messages.get(decode)
           ^^^^^^^^^^^^^^^^^^^^^^^^^^^^^^^^^^^^
/usr/local/lib/python3.11/dist-packages/websockets/asyncio/messages.py:158: in get
    frame = await self.frames.get(not self.closed)
            ^^^^^^^^^^^^^^^^^^^^^^^^^^^^^^^^^^^^^^
/usr/local/lib/python3.11/dist-packages/websockets/asyncio/messages.py:51: in get
    await self.get_waiter
E   asyncio.exceptions.CancelledError

The above exception was the direct cause of the following exception:
service/test_signal_integration.py:740: in test_modes_feature_integration
    loop.run_until_complete(run_ws_check())
/usr/lib/python3.11/asyncio/base_events.py:653: in run_until_complete
    return future.result()
           ^^^^^^^^^^^^^^^
service/test_signal_integration.py:737: in run_ws_check
    second_msg = await asyncio.wait_for(ws.recv(), timeout=1.0)
                 ^^^^^^^^^^^^^^^^^^^^^^^^^^^^^^^^^^^^^^^^^^^^^^
/usr/lib/python3.11/asyncio/tasks.py:492: in wait_for
    raise exceptions.TimeoutError() from exc
E   TimeoutError
---------------------------- Captured stdout setup -----------------------------
[actions] migrated and saved to <test_signal_integration.MockPathObj object at 0x7f9a48357f10>
[hid] watching 11
[sock] server starting on /tmp/pytest-of-root/pytest-0/test_modes_feature_integration0/spnav.sock
[config] reloaded <test_signal_integration.MockPathObj object at 0x7f9a48357f10>
[ws] server starting on ws://localhost:53281
[serial] connected to /dev/ttyACM0
----------------------------- Captured stdout call -----------------------------
[actions] migrated and saved to <test_signal_integration.MockPathObj object at 0x7f9a48357f10>
[config] reloaded <test_signal_integration.MockPathObj object at 0x7f9a48357f10>
[config] reloaded <test_signal_integration.MockPathObj object at 0x7f9a48357f10>
[config] reloaded <test_signal_integration.MockPathObj object at 0x7f9a48357f10>
[dispatch] action: key obj: {'action': 'key', 'value': 'a'}
[dispatch] key 'a' translated to raw codes '30:1 30:0'
[ws] client connected (1 total)
[tap] top:1 → {'action': 'mode', 'value': 'Game'}
[dispatch] action: mode obj: {'action': 'mode', 'value': 'Game'}
[mode] switched to 'Game' and saved configuration
[config] reloaded <test_signal_integration.MockPathObj object at 0x7f9a48357f10>
[ws] client disconnected (0 total)
--------------------------- Captured stdout teardown ---------------------------
[sock] server shutting down
[hid] error/disconnect: [Errno 9] Bad file descriptor — retrying in 3s
_______________________ test_high_frequency_packet_load ________________________
service/test_signal_integration_stress.py:293: in test_high_frequency_packet_load
    loop.run_until_complete(run_load())
/usr/lib/python3.11/asyncio/base_events.py:653: in run_until_complete
    return future.result()
           ^^^^^^^^^^^^^^^
service/test_signal_integration_stress.py:289: in run_load
    assert len(ws_received) == num_packets, f"WS received only {len(ws_received)}/{num_packets}"
E   AssertionError: WS received only 2/1000
E   assert 2 == 1000
E    +  where 2 = len(['MOTION:1.0,2.0,3.0,4.0,5.0,6.0', 'MOTION:1.0,2.0,3.0,4.0,5.0,6.0'])
----------------------------- Captured stdout call -----------------------------
[actions] migrated and saved to <test_signal_integration.MockPathObj object at 0x7f9a48284f90>
[hid] watching 11
[config] reloaded <test_signal_integration.MockPathObj object at 0x7f9a48284f90>
[sock] server starting on /tmp/pytest-of-root/pytest-0/test_high_frequency_packet_loa0/spnav.sock
[ws] server starting on ws://localhost:54609
[serial] connected to /dev/ttyACM0
[ws] client connected (1 total)
[sock] client connected (1 total)
Processed 2 WS packets and 1000 socket packets in 5.002s
[ws] client disconnected (0 total)
[sock] client disconnected (0 total)
[sock] server shutting down
[hid] error/disconnect: [Errno 9] Bad file descriptor — retrying in 3s
=============================== warnings summary ===============================
service/test_m3_adversarial.py::test_m3_websocket_origin_check
  /workspace/service/test_m3_adversarial.py:284: DeprecationWarning: websockets.exceptions.InvalidStatusCode is deprecated
    from websockets.exceptions import InvalidStatusCode, ConnectionClosed

service/test_m3_adversarial.py::test_m3_websocket_origin_check
  /usr/local/lib/python3.11/dist-packages/websockets/legacy/__init__.py:6: DeprecationWarning: websockets.legacy is deprecated; see https://websockets.readthedocs.io/en/stable/howto/upgrade.html for upgrade instructions
    warnings.warn(  # deprecated in 14.0 - 2024-11-09

-- Docs: https://docs.pytest.org/en/stable/how-to/capture-warnings.html
----------- generated xml file: /workspace/pytest_debian_results.xml -----------
=========================== short test summary info ============================
FAILED service/test_signal_integration.py::test_modes_feature_integration - T...
FAILED service/test_signal_integration_stress.py::test_high_frequency_packet_load
============= 2 failed, 52 passed, 3 skipped, 2 warnings in 56.41s =============
