============================= test session starts =============================
platform win32 -- Python 3.11.9, pytest-9.1.0, pluggy-1.6.0
rootdir: D:\a\linapse-cad-mouse-v2\linapse-cad-mouse-v2
collected 5 items / 13 errors

=================================== ERRORS ====================================
________________ ERROR collecting linux/test_cross_platform.py ________________
linux\test_cross_platform.py:25: in <module>
    loader.exec_module(linapse_service)
<frozen importlib._bootstrap_external>:940: in exec_module
    ???
<frozen importlib._bootstrap>:241: in _call_with_frames_removed
    ???
linux\linapse-service:59: in <module>
    YDOTOOL_SOCKET  = f"/run/user/{os.getuid()}/.ydotool_socket"
                                   ^^^^^^^^^
E   AttributeError: module 'os' has no attribute 'getuid'
____________ ERROR collecting linux/test_installer_adversarial.py _____________
linux\test_installer_adversarial.py:9: in <module>
    class TestInstallerAdversarial(unittest.TestCase):
linux\test_installer_adversarial.py:110: in TestInstallerAdversarial
    @unittest.skipIf(os.geteuid() == 0, "Cannot run write-prevention tests as root")
                     ^^^^^^^^^^
E   AttributeError: module 'os' has no attribute 'geteuid'
________________ ERROR collecting linux/test_linapse_socket.py ________________
linux\test_linapse_socket.py:18: in <module>
    loader.exec_module(linapse_service)
<frozen importlib._bootstrap_external>:940: in exec_module
    ???
<frozen importlib._bootstrap>:241: in _call_with_frames_removed
    ???
linux\linapse-service:59: in <module>
    YDOTOOL_SOCKET  = f"/run/user/{os.getuid()}/.ydotool_socket"
                                   ^^^^^^^^^
E   AttributeError: module 'os' has no attribute 'getuid'
____________ ERROR collecting linux/test_linapse_socket_stress.py _____________
linux\test_linapse_socket_stress.py:20: in <module>
    loader.exec_module(linapse_service)
<frozen importlib._bootstrap_external>:940: in exec_module
    ???
<frozen importlib._bootstrap>:241: in _call_with_frames_removed
    ???
linux\linapse-service:59: in <module>
    YDOTOOL_SOCKET  = f"/run/user/{os.getuid()}/.ydotool_socket"
                                   ^^^^^^^^^
E   AttributeError: module 'os' has no attribute 'getuid'
____________ ERROR collecting linux/test_m1_adversarial_bugfix.py _____________
linux\test_m1_adversarial_bugfix.py:20: in <module>
    loader.exec_module(linapse_service)
<frozen importlib._bootstrap_external>:940: in exec_module
    ???
<frozen importlib._bootstrap>:241: in _call_with_frames_removed
    ???
linux\linapse-service:59: in <module>
    YDOTOOL_SOCKET  = f"/run/user/{os.getuid()}/.ydotool_socket"
                                   ^^^^^^^^^
E   AttributeError: module 'os' has no attribute 'getuid'
________________ ERROR collecting linux/test_m3_adversarial.py ________________
linux\test_m3_adversarial.py:14: in <module>
    import test_signal_integration as tsi
<frozen importlib._bootstrap>:1176: in _find_and_load
    ???
<frozen importlib._bootstrap>:1147: in _find_and_load_unlocked
    ???
<frozen importlib._bootstrap>:690: in _load_unlocked
    ???
C:\hostedtoolcache\windows\Python\3.11.9\x64\Lib\site-packages\_pytest\assertion\rewrite.py:188: in exec_module
    exec(co, module.__dict__)
linux\test_signal_integration.py:34: in <module>
    loader.exec_module(linapse_service)
linux\linapse-service:59: in <module>
    YDOTOOL_SOCKET  = f"/run/user/{os.getuid()}/.ydotool_socket"
                                   ^^^^^^^^^
E   AttributeError: module 'os' has no attribute 'getuid'
__________ ERROR collecting linux/test_m3_challenger_verification.py __________
linux\test_m3_challenger_verification.py:22: in <module>
    import test_signal_integration as tsi
<frozen importlib._bootstrap>:1176: in _find_and_load
    ???
<frozen importlib._bootstrap>:1147: in _find_and_load_unlocked
    ???
<frozen importlib._bootstrap>:690: in _load_unlocked
    ???
C:\hostedtoolcache\windows\Python\3.11.9\x64\Lib\site-packages\_pytest\assertion\rewrite.py:188: in exec_module
    exec(co, module.__dict__)
linux\test_signal_integration.py:34: in <module>
    loader.exec_module(linapse_service)
linux\linapse-service:59: in <module>
    YDOTOOL_SOCKET  = f"/run/user/{os.getuid()}/.ydotool_socket"
                                   ^^^^^^^^^
E   AttributeError: module 'os' has no attribute 'getuid'
________________ ERROR collecting linux/test_m5_adversarial.py ________________
linux\test_m5_adversarial.py:20: in <module>
    loader.exec_module(linapse_service)
<frozen importlib._bootstrap_external>:940: in exec_module
    ???
<frozen importlib._bootstrap>:241: in _call_with_frames_removed
    ???
linux\linapse-service:59: in <module>
    YDOTOOL_SOCKET  = f"/run/user/{os.getuid()}/.ydotool_socket"
                                   ^^^^^^^^^
E   AttributeError: module 'os' has no attribute 'getuid'
_________________ ERROR collecting linux/test_multi_click.py __________________
linux\test_multi_click.py:21: in <module>
    loader.exec_module(linapse_service)
<frozen importlib._bootstrap_external>:940: in exec_module
    ???
<frozen importlib._bootstrap>:241: in _call_with_frames_removed
    ???
linux\linapse-service:59: in <module>
    YDOTOOL_SOCKET  = f"/run/user/{os.getuid()}/.ydotool_socket"
                                   ^^^^^^^^^
E   AttributeError: module 'os' has no attribute 'getuid'
______________ ERROR collecting linux/test_playwright_benchy.py _______________
linux\test_playwright_benchy.py:144: in <module>
    loader.exec_module(linapse_service)
<frozen importlib._bootstrap_external>:940: in exec_module
    ???
<frozen importlib._bootstrap>:241: in _call_with_frames_removed
    ???
linux\linapse-service:59: in <module>
    YDOTOOL_SOCKET  = f"/run/user/{os.getuid()}/.ydotool_socket"
                                   ^^^^^^^^^
E   AttributeError: module 'os' has no attribute 'getuid'
______________ ERROR collecting linux/test_signal_integration.py ______________
linux\test_signal_integration.py:34: in <module>
    loader.exec_module(linapse_service)
<frozen importlib._bootstrap_external>:940: in exec_module
    ???
<frozen importlib._bootstrap>:241: in _call_with_frames_removed
    ???
linux\linapse-service:59: in <module>
    YDOTOOL_SOCKET  = f"/run/user/{os.getuid()}/.ydotool_socket"
                                   ^^^^^^^^^
E   AttributeError: module 'os' has no attribute 'getuid'
__________ ERROR collecting linux/test_signal_integration_stress.py ___________
linux\test_signal_integration_stress.py:24: in <module>
    import test_signal_integration as tsi
<frozen importlib._bootstrap>:1176: in _find_and_load
    ???
<frozen importlib._bootstrap>:1147: in _find_and_load_unlocked
    ???
<frozen importlib._bootstrap>:690: in _load_unlocked
    ???
C:\hostedtoolcache\windows\Python\3.11.9\x64\Lib\site-packages\_pytest\assertion\rewrite.py:188: in exec_module
    exec(co, module.__dict__)
linux\test_signal_integration.py:34: in <module>
    loader.exec_module(linapse_service)
linux\linapse-service:59: in <module>
    YDOTOOL_SOCKET  = f"/run/user/{os.getuid()}/.ydotool_socket"
                                   ^^^^^^^^^
E   AttributeError: module 'os' has no attribute 'getuid'
____________________ ERROR collecting linux/test_stress.py ____________________
linux\test_stress.py:27: in <module>
    loader.exec_module(linapse_service)
<frozen importlib._bootstrap_external>:940: in exec_module
    ???
<frozen importlib._bootstrap>:241: in _call_with_frames_removed
    ???
linux\linapse-service:59: in <module>
    YDOTOOL_SOCKET  = f"/run/user/{os.getuid()}/.ydotool_socket"
                                   ^^^^^^^^^
E   AttributeError: module 'os' has no attribute 'getuid'
=========================== short test summary info ===========================
ERROR linux/test_cross_platform.py - AttributeError: module 'os' has no attribute 'getuid'
ERROR linux/test_installer_adversarial.py - AttributeError: module 'os' has no attribute 'geteuid'
ERROR linux/test_linapse_socket.py - AttributeError: module 'os' has no attribute 'getuid'
ERROR linux/test_linapse_socket_stress.py - AttributeError: module 'os' has no attribute 'getuid'
ERROR linux/test_m1_adversarial_bugfix.py - AttributeError: module 'os' has no attribute 'getuid'
ERROR linux/test_m3_adversarial.py - AttributeError: module 'os' has no attribute 'getuid'
ERROR linux/test_m3_challenger_verification.py - AttributeError: module 'os' has no attribute 'getuid'
ERROR linux/test_m5_adversarial.py - AttributeError: module 'os' has no attribute 'getuid'
ERROR linux/test_multi_click.py - AttributeError: module 'os' has no attribute 'getuid'
ERROR linux/test_playwright_benchy.py - AttributeError: module 'os' has no attribute 'getuid'
ERROR linux/test_signal_integration.py - AttributeError: module 'os' has no attribute 'getuid'
ERROR linux/test_signal_integration_stress.py - AttributeError: module 'os' has no attribute 'getuid'
ERROR linux/test_stress.py - AttributeError: module 'os' has no attribute 'getuid'
!!!!!!!!!!!!!!!!!! Interrupted: 13 errors during collection !!!!!!!!!!!!!!!!!!!
============================= 13 errors in 0.99s ==============================
