============================= test session starts =============================
platform win32 -- Python 3.11.9, pytest-9.1.0, pluggy-1.6.0
rootdir: D:\a\linapse-cad-mouse-v2\linapse-cad-mouse-v2
collected 50 items / 1 error

=================================== ERRORS ====================================
____________ ERROR collecting linux/test_installer_adversarial.py _____________
linux\test_installer_adversarial.py:9: in <module>
    class TestInstallerAdversarial(unittest.TestCase):
linux\test_installer_adversarial.py:125: in TestInstallerAdversarial
    @unittest.skipIf(os.geteuid() == 0, "Cannot run write-prevention tests as root")
                     ^^^^^^^^^^
E   AttributeError: module 'os' has no attribute 'geteuid'
=========================== short test summary info ===========================
ERROR linux/test_installer_adversarial.py - AttributeError: module 'os' has no attribute 'geteuid'
!!!!!!!!!!!!!!!!!!! Interrupted: 1 error during collection !!!!!!!!!!!!!!!!!!!!
============================== 1 error in 0.55s ===============================
